SF:lib/core/errors/exception.dart
DA:4,0
DA:12,0
DA:14,0
DA:15,0
DA:16,0
DA:21,1
DA:29,0
DA:31,0
DA:32,0
DA:33,0
LF:10
LH:1
end_of_record
SF:lib/core/errors/failures.dart
DA:5,1
DA:7,2
DA:8,0
DA:14,0
DA:16,1
DA:17,3
DA:21,1
DA:25,0
DA:27,0
DA:28,0
DA:29,0
DA:30,0
LF:12
LH:5
end_of_record
SF:lib/src/on_boarding/data/datasources/on_boarding_local_data_source.dart
DA:5,0
DA:14,0
DA:18,0
DA:21,0
DA:22,0
DA:23,0
DA:27,0
DA:30,0
DA:31,0
DA:32,0
LF:10
LH:0
end_of_record
SF:lib/src/on_boarding/data/repos/on_boarding_repo.impl.dart
DA:9,1
DA:13,1
DA:16,2
DA:18,1
DA:19,4
DA:23,0
DA:26,0
DA:27,0
DA:28,0
DA:29,0
LF:10
LH:5
end_of_record
SF:lib/src/on_boarding/domain/repos/on_boarding_repo.dart
DA:4,0
LF:1
LH:0
end_of_record
