SF:lib/src/auth/data/datasources/auth_remote_data_source.dart
DA:16,1
DA:35,1
DA:47,0
DA:50,0
DA:53,0
DA:54,0
DA:55,0
DA:56,0
DA:59,0
DA:60,0
DA:61,0
DA:67,1
DA:73,2
DA:77,1
DA:86,2
DA:88,1
DA:89,0
DA:93,1
DA:95,2
DA:96,2
DA:97,0
DA:98,0
DA:99,0
DA:100,0
DA:102,0
DA:105,0
DA:106,0
DA:107,0
DA:113,1
DA:120,2
DA:125,2
DA:126,2
DA:128,3
DA:129,0
DA:130,0
DA:131,0
DA:132,0
DA:135,0
DA:136,0
DA:137,0
DA:143,0
DA:150,0
DA:151,0
DA:152,0
DA:156,0
DA:157,0
DA:158,0
DA:160,0
DA:161,0
DA:162,0
DA:163,0
DA:164,0
DA:165,0
DA:166,0
DA:167,0
DA:168,0
DA:169,0
DA:175,0
DA:176,0
DA:177,0
DA:178,0
DA:179,0
DA:183,0
DA:184,0
DA:186,0
DA:187,0
DA:188,0
DA:195,0
DA:196,0
DA:197,0
DA:198,0
DA:201,0
DA:202,0
DA:203,0
DA:209,1
DA:210,4
DA:213,1
DA:214,5
DA:215,1
DA:216,1
DA:217,1
DA:218,1
DA:220,1
DA:221,1
DA:225,0
DA:226,0
DA:227,0
DA:228,0
DA:229,0
LF:89
LH:25
end_of_record
SF:lib/core/errors/exception.dart
DA:4,1
DA:12,0
DA:14,0
DA:15,0
DA:16,0
DA:21,0
DA:29,0
DA:31,0
DA:32,0
DA:33,0
LF:10
LH:1
end_of_record
SF:lib/core/errors/failures.dart
DA:5,0
DA:7,0
DA:8,0
DA:14,0
DA:15,0
DA:17,0
DA:18,0
DA:22,0
DA:26,0
DA:28,0
DA:29,0
DA:30,0
DA:31,0
LF:13
LH:0
end_of_record
SF:lib/src/auth/data/models/user_model.dart
DA:5,1
DA:18,0
DA:19,0
DA:26,1
DA:27,1
DA:28,1
DA:29,1
DA:31,2
DA:32,1
DA:33,1
DA:34,1
DA:35,2
DA:37,2
DA:38,2
DA:39,2
DA:42,1
DA:43,1
DA:44,1
DA:45,1
DA:46,1
DA:47,1
DA:48,1
DA:49,1
DA:50,1
DA:51,1
DA:52,1
DA:53,1
DA:57,0
DA:69,0
DA:70,0
DA:71,0
DA:72,0
DA:73,0
DA:74,0
DA:75,0
DA:76,0
DA:77,0
DA:78,0
DA:79,0
LF:39
LH:25
end_of_record
SF:lib/src/auth/domain/entities/user.dart
DA:5,2
DA:29,0
DA:30,0
DA:31,0
DA:32,0
DA:35,0
DA:50,0
DA:51,0
DA:64,0
DA:67,0
DA:69,0
DA:70,0
DA:71,0
DA:72,0
LF:14
LH:1
end_of_record
